# JRE version: Java(TM) SE Runtime Environment (8.0_65-b17) (build 1.8.0_65-b17)
# Java VM: Java HotSpot(TM) 64-Bit Server VM (25.65-b01 mixed mode windows-amd64 compressed oops)
Heap:
 PSYoungGen      total 255488K, used 17185K [0x00000000e0000000, 0x00000000f3980000, 0x0000000100000000)
  eden space 222720K, 7% used [0x00000000e0000000,0x00000000e10c8658,0x00000000ed980000)
  from space 32768K, 0% used [0x00000000ed980000,0x00000000ed980000,0x00000000ef980000)
  to   space 35328K, 0% used [0x00000000f1700000,0x00000000f1700000,0x00000000f3980000)
 ParOldGen       total 103424K, used 60041K [0x00000000a0000000, 0x00000000a6500000, 0x00000000e0000000)
  object space 103424K, 58% used [0x00000000a0000000,0x00000000a3aa2708,0x00000000a6500000)
 Metaspace       used 72694K, capacity 75440K, committed 75648K, reserved 1114112K
  class space    used 9604K, capacity 10341K, committed 10368K, reserved 1048576K
GC Heap History (10 events):
Event: 343.861 GC heap before
{Heap before GC invocations=17 (full 3):
 PSYoungGen      total 215552K, used 197748K [0x00000000e0000000, 0x00000000f0800000, 0x0000000100000000)
  eden space 189440K, 100% used [0x00000000e0000000,0x00000000eb900000,0x00000000eb900000)
  from space 26112K, 31% used [0x00000000eb900000,0x00000000ec11d238,0x00000000ed280000)
  to   space 25600K, 0% used [0x00000000eef00000,0x00000000eef00000,0x00000000f0800000)
 ParOldGen       total 103424K, used 45616K [0x00000000a0000000, 0x00000000a6500000, 0x00000000e0000000)
  object space 103424K, 44% used [0x00000000a0000000,0x00000000a2c8c250,0x00000000a6500000)
 Metaspace       used 62974K, capacity 65624K, committed 65920K, reserved 1105920K
  class space    used 8495K, capacity 9237K, committed 9344K, reserved 1048576K
Event: 343.879 GC heap after
Heap after GC invocations=17 (full 3):
 PSYoungGen      total 194560K, used 11236K [0x00000000e0000000, 0x00000000efa00000, 0x0000000100000000)
  eden space 183296K, 0% used [0x00000000e0000000,0x00000000e0000000,0x00000000eb300000)
  from space 11264K, 99% used [0x00000000eef00000,0x00000000ef9f9018,0x00000000efa00000)
  to   space 24576K, 0% used [0x00000000eca00000,0x00000000eca00000,0x00000000ee200000)
 ParOldGen       total 103424K, used 45624K [0x00000000a0000000, 0x00000000a6500000, 0x00000000e0000000)
  object space 103424K, 44% used [0x00000000a0000000,0x00000000a2c8e250,0x00000000a6500000)
 Metaspace       used 62974K, capacity 65624K, committed 65920K, reserved 1105920K
  class space    used 8495K, capacity 9237K, committed 9344K, reserved 1048576K
}
Event: 347.219 GC heap before
{Heap before GC invocations=18 (full 3):
 PSYoungGen      total 194560K, used 194532K [0x00000000e0000000, 0x00000000efa00000, 0x0000000100000000)
  eden space 183296K, 100% used [0x00000000e0000000,0x00000000eb300000,0x00000000eb300000)
  from space 11264K, 99% used [0x00000000eef00000,0x00000000ef9f9018,0x00000000efa00000)
  to   space 24576K, 0% used [0x00000000eca00000,0x00000000eca00000,0x00000000ee200000)
 ParOldGen       total 103424K, used 45624K [0x00000000a0000000, 0x00000000a6500000, 0x00000000e0000000)
  object space 103424K, 44% used [0x00000000a0000000,0x00000000a2c8e250,0x00000000a6500000)
 Metaspace       used 66223K, capacity 69004K, committed 69248K, reserved 1110016K
  class space    used 8865K, capacity 9581K, committed 9600K, reserved 1048576K
Event: 347.342 GC heap after
Heap after GC invocations=18 (full 3):
 PSYoungGen      total 231424K, used 24547K [0x00000000e0000000, 0x00000000f1680000, 0x0000000100000000)
  eden space 206848K, 0% used [0x00000000e0000000,0x00000000e0000000,0x00000000eca00000)
  from space 24576K, 99% used [0x00000000eca00000,0x00000000ee1f8ee8,0x00000000ee200000)
  to   space 29696K, 0% used [0x00000000ef980000,0x00000000ef980000,0x00000000f1680000)
 ParOldGen       total 103424K, used 50708K [0x00000000a0000000, 0x00000000a6500000, 0x00000000e0000000)
  object space 103424K, 49% used [0x00000000a0000000,0x00000000a3185098,0x00000000a6500000)
 Metaspace       used 66223K, capacity 69004K, committed 69248K, reserved 1110016K
  class space    used 8865K, capacity 9581K, committed 9600K, reserved 1048576K
}
Event: 355.241 GC heap before
{Heap before GC invocations=19 (full 3):
 PSYoungGen      total 231424K, used 231395K [0x00000000e0000000, 0x00000000f1680000, 0x0000000100000000)
  eden space 206848K, 100% used [0x00000000e0000000,0x00000000eca00000,0x00000000eca00000)
  from space 24576K, 99% used [0x00000000eca00000,0x00000000ee1f8ee8,0x00000000ee200000)
  to   space 29696K, 0% used [0x00000000ef980000,0x00000000ef980000,0x00000000f1680000)
 ParOldGen       total 103424K, used 50708K [0x00000000a0000000, 0x00000000a6500000, 0x00000000e0000000)
  object space 103424K, 49% used [0x00000000a0000000,0x00000000a3185098,0x00000000a6500000)
 Metaspace       used 70855K, capacity 73638K, committed 73728K, reserved 1112064K
  class space    used 9469K, capacity 10198K, committed 10240K, reserved 1048576K
Event: 355.286 GC heap after
Heap after GC invocations=19 (full 3):
 PSYoungGen      total 252416K, used 26444K [0x00000000e0000000, 0x00000000f3480000, 0x0000000100000000)
  eden space 222720K, 0% used [0x00000000e0000000,0x00000000e0000000,0x00000000ed980000)
  from space 29696K, 89% used [0x00000000ef980000,0x00000000f1353298,0x00000000f1680000)
  to   space 32768K, 0% used [0x00000000ed980000,0x00000000ed980000,0x00000000ef980000)
 ParOldGen       total 103424K, used 50716K [0x00000000a0000000, 0x00000000a6500000, 0x00000000e0000000)
  object space 103424K, 49% used [0x00000000a0000000,0x00000000a3187098,0x00000000a6500000)
 Metaspace       used 70855K, capacity 73638K, committed 73728K, reserved 1112064K
  class space    used 9469K, capacity 10198K, committed 10240K, reserved 1048576K
}
Event: 367.859 GC heap before
{Heap before GC invocations=20 (full 3):
 PSYoungGen      total 252416K, used 201204K [0x00000000e0000000, 0x00000000f3480000, 0x0000000100000000)
  eden space 222720K, 78% used [0x00000000e0000000,0x00000000eaaaa028,0x00000000ed980000)
  from space 29696K, 89% used [0x00000000ef980000,0x00000000f1353298,0x00000000f1680000)
  to   space 32768K, 0% used [0x00000000ed980000,0x00000000ed980000,0x00000000ef980000)
 ParOldGen       total 103424K, used 50716K [0x00000000a0000000, 0x00000000a6500000, 0x00000000e0000000)
  object space 103424K, 49% used [0x00000000a0000000,0x00000000a3187098,0x00000000a6500000)
 Metaspace       used 72627K, capacity 75332K, committed 75648K, reserved 1114112K
  class space    used 9595K, capacity 10331K, committed 10368K, reserved 1048576K
Event: 367.907 GC heap after
Heap after GC invocations=20 (full 3):
 PSYoungGen      total 255488K, used 26290K [0x00000000e0000000, 0x00000000f3980000, 0x0000000100000000)
  eden space 222720K, 0% used [0x00000000e0000000,0x00000000e0000000,0x00000000ed980000)
  from space 32768K, 80% used [0x00000000ed980000,0x00000000ef32ca18,0x00000000ef980000)
  to   space 35328K, 0% used [0x00000000f1700000,0x00000000f1700000,0x00000000f3980000)
 ParOldGen       total 103424K, used 50724K [0x00000000a0000000, 0x00000000a6500000, 0x00000000e0000000)
  object space 103424K, 49% used [0x00000000a0000000,0x00000000a3189098,0x00000000a6500000)
 Metaspace       used 72627K, capacity 75332K, committed 75648K, reserved 1114112K
  class space    used 9595K, capacity 10331K, committed 10368K, reserved 1048576K
}
Event: 367.907 GC heap before
{Heap before GC invocations=21 (full 4):
 PSYoungGen      total 255488K, used 26290K [0x00000000e0000000, 0x00000000f3980000, 0x0000000100000000)
  eden space 222720K, 0% used [0x00000000e0000000,0x00000000e0000000,0x00000000ed980000)
  from space 32768K, 80% used [0x00000000ed980000,0x00000000ef32ca18,0x00000000ef980000)
  to   space 35328K, 0% used [0x00000000f1700000,0x00000000f1700000,0x00000000f3980000)
 ParOldGen       total 103424K, used 50724K [0x00000000a0000000, 0x00000000a6500000, 0x00000000e0000000)
  object space 103424K, 49% used [0x00000000a0000000,0x00000000a3189098,0x00000000a6500000)
 Metaspace       used 72627K, capacity 75332K, committed 75648K, reserved 1114112K
  class space    used 9595K, capacity 10331K, committed 10368K, reserved 1048576K
Event: 368.649 GC heap after
Heap after GC invocations=21 (full 4):
 PSYoungGen      total 255488K, used 0K [0x00000000e0000000, 0x00000000f3980000, 0x0000000100000000)
  eden space 222720K, 0% used [0x00000000e0000000,0x00000000e0000000,0x00000000ed980000)
  from space 32768K, 0% used [0x00000000ed980000,0x00000000ed980000,0x00000000ef980000)
  to   space 35328K, 0% used [0x00000000f1700000,0x00000000f1700000,0x00000000f3980000)
 ParOldGen       total 103424K, used 60041K [0x00000000a0000000, 0x00000000a6500000, 0x00000000e0000000)
  object space 103424K, 58% used [0x00000000a0000000,0x00000000a3aa2708,0x00000000a6500000)
 Metaspace       used 72617K, capacity 75304K, committed 75648K, reserved 1114112K
  class space    used 9592K, capacity 10325K, committed 10368K, reserved 1048576K
}

