# JRE version: Java(TM) SE Runtime Environment (8.0_65-b17) (build 1.8.0_65-b17)
# Java VM: Java HotSpot(TM) 64-Bit Server VM (25.65-b01 mixed mode windows-amd64 compressed oops)
Heap:
 PSYoungGen      total 335360K, used 240967K [0x00000000e0000000, 0x0000000100000000, 0x0000000100000000)
  eden space 197632K, 52% used [0x00000000e0000000,0x00000000e64d8878,0x00000000ec100000)
  from space 137728K, 99% used [0x00000000f7980000,0x00000000ffff93a0,0x0000000100000000)
  to   space 163328K, 0% used [0x00000000ec100000,0x00000000ec100000,0x00000000f6080000)
 ParOldGen       total 722944K, used 430670K [0x00000000a0000000, 0x00000000cc200000, 0x00000000e0000000)
  object space 722944K, 59% used [0x00000000a0000000,0x00000000ba493a80,0x00000000cc200000)
 Metaspace       used 78947K, capacity 83558K, committed 84352K, reserved 1122304K
  class space    used 10023K, capacity 10657K, committed 11136K, reserved 1048576K
GC Heap History (10 events):
Event: 1734.403 GC heap before
{Heap before GC invocations=169 (full 18):
 PSYoungGen      total 360960K, used 274730K [0x00000000e0000000, 0x00000000fef80000, 0x0000000100000000)
  eden space 222720K, 100% used [0x00000000e0000000,0x00000000ed980000,0x00000000ed980000)
  from space 138240K, 37% used [0x00000000f6880000,0x00000000f9b4a8f0,0x00000000fef80000)
  to   space 142336K, 0% used [0x00000000ed980000,0x00000000ed980000,0x00000000f6480000)
 ParOldGen       total 634880K, used 503470K [0x00000000a0000000, 0x00000000c6c00000, 0x00000000e0000000)
  object space 634880K, 79% used [0x00000000a0000000,0x00000000bebabb30,0x00000000c6c00000)
 Metaspace       used 78947K, capacity 83558K, committed 84352K, reserved 1122304K
  class space    used 10023K, capacity 10657K, committed 11136K, reserved 1048576K
Event: 1734.515 GC heap after
Heap after GC invocations=169 (full 18):
 PSYoungGen      total 365056K, used 44742K [0x00000000e0000000, 0x00000000ff900000, 0x0000000100000000)
  eden space 222720K, 0% used [0x00000000e0000000,0x00000000e0000000,0x00000000ed980000)
  from space 142336K, 31% used [0x00000000ed980000,0x00000000f0531878,0x00000000f6480000)
  to   space 136704K, 0% used [0x00000000f7380000,0x00000000f7380000,0x00000000ff900000)
 ParOldGen       total 634880K, used 547500K [0x00000000a0000000, 0x00000000c6c00000, 0x00000000e0000000)
  object space 634880K, 86% used [0x00000000a0000000,0x00000000c16ab058,0x00000000c6c00000)
 Metaspace       used 78947K, capacity 83558K, committed 84352K, reserved 1122304K
  class space    used 10023K, capacity 10657K, committed 11136K, reserved 1048576K
}
Event: 1735.216 GC heap before
{Heap before GC invocations=170 (full 18):
 PSYoungGen      total 365056K, used 267462K [0x00000000e0000000, 0x00000000ff900000, 0x0000000100000000)
  eden space 222720K, 100% used [0x00000000e0000000,0x00000000ed980000,0x00000000ed980000)
  from space 142336K, 31% used [0x00000000ed980000,0x00000000f0531878,0x00000000f6480000)
  to   space 136704K, 0% used [0x00000000f7380000,0x00000000f7380000,0x00000000ff900000)
 ParOldGen       total 634880K, used 547500K [0x00000000a0000000, 0x00000000c6c00000, 0x00000000e0000000)
  object space 634880K, 86% used [0x00000000a0000000,0x00000000c16ab058,0x00000000c6c00000)
 Metaspace       used 78947K, capacity 83558K, committed 84352K, reserved 1122304K
  class space    used 10023K, capacity 10657K, committed 11136K, reserved 1048576K
Event: 1735.312 GC heap after
Heap after GC invocations=170 (full 18):
 PSYoungGen      total 376320K, used 35460K [0x00000000e0000000, 0x00000000ff380000, 0x0000000100000000)
  eden space 245248K, 0% used [0x00000000e0000000,0x00000000e0000000,0x00000000eef80000)
  from space 131072K, 27% used [0x00000000f7380000,0x00000000f9621060,0x00000000ff380000)
  to   space 133120K, 0% used [0x00000000eef80000,0x00000000eef80000,0x00000000f7180000)
 ParOldGen       total 634880K, used 587415K [0x00000000a0000000, 0x00000000c6c00000, 0x00000000e0000000)
  object space 634880K, 92% used [0x00000000a0000000,0x00000000c3da5cd8,0x00000000c6c00000)
 Metaspace       used 78947K, capacity 83558K, committed 84352K, reserved 1122304K
  class space    used 10023K, capacity 10657K, committed 11136K, reserved 1048576K
}
Event: 1735.312 GC heap before
{Heap before GC invocations=171 (full 19):
 PSYoungGen      total 376320K, used 35460K [0x00000000e0000000, 0x00000000ff380000, 0x0000000100000000)
  eden space 245248K, 0% used [0x00000000e0000000,0x00000000e0000000,0x00000000eef80000)
  from space 131072K, 27% used [0x00000000f7380000,0x00000000f9621060,0x00000000ff380000)
  to   space 133120K, 0% used [0x00000000eef80000,0x00000000eef80000,0x00000000f7180000)
 ParOldGen       total 634880K, used 587415K [0x00000000a0000000, 0x00000000c6c00000, 0x00000000e0000000)
  object space 634880K, 92% used [0x00000000a0000000,0x00000000c3da5cd8,0x00000000c6c00000)
 Metaspace       used 78947K, capacity 83558K, committed 84352K, reserved 1122304K
  class space    used 10023K, capacity 10657K, committed 11136K, reserved 1048576K
Event: 1736.938 GC heap after
Heap after GC invocations=171 (full 19):
 PSYoungGen      total 376320K, used 0K [0x00000000e0000000, 0x00000000ff380000, 0x0000000100000000)
  eden space 245248K, 0% used [0x00000000e0000000,0x00000000e0000000,0x00000000eef80000)
  from space 131072K, 0% used [0x00000000f7380000,0x00000000f7380000,0x00000000ff380000)
  to   space 133120K, 0% used [0x00000000eef80000,0x00000000eef80000,0x00000000f7180000)
 ParOldGen       total 722944K, used 418102K [0x00000000a0000000, 0x00000000cc200000, 0x00000000e0000000)
  object space 722944K, 57% used [0x00000000a0000000,0x00000000b984d948,0x00000000cc200000)
 Metaspace       used 78947K, capacity 83558K, committed 84352K, reserved 1122304K
  class space    used 10023K, capacity 10657K, committed 11136K, reserved 1048576K
}
Event: 1737.342 GC heap before
{Heap before GC invocations=172 (full 19):
 PSYoungGen      total 376320K, used 245248K [0x00000000e0000000, 0x00000000ff380000, 0x0000000100000000)
  eden space 245248K, 100% used [0x00000000e0000000,0x00000000eef80000,0x00000000eef80000)
  from space 131072K, 0% used [0x00000000f7380000,0x00000000f7380000,0x00000000ff380000)
  to   space 133120K, 0% used [0x00000000eef80000,0x00000000eef80000,0x00000000f7180000)
 ParOldGen       total 722944K, used 418102K [0x00000000a0000000, 0x00000000cc200000, 0x00000000e0000000)
  object space 722944K, 57% used [0x00000000a0000000,0x00000000b984d948,0x00000000cc200000)
 Metaspace       used 78947K, capacity 83558K, committed 84352K, reserved 1122304K
  class space    used 10023K, capacity 10657K, committed 11136K, reserved 1048576K
Event: 1737.392 GC heap after
Heap after GC invocations=172 (full 19):
 PSYoungGen      total 378368K, used 89707K [0x00000000e0000000, 0x0000000100000000, 0x0000000100000000)
  eden space 245248K, 0% used [0x00000000e0000000,0x00000000e0000000,0x00000000eef80000)
  from space 133120K, 67% used [0x00000000eef80000,0x00000000f471ae10,0x00000000f7180000)
  to   space 137728K, 0% used [0x00000000f7980000,0x00000000f7980000,0x0000000100000000)
 ParOldGen       total 722944K, used 418102K [0x00000000a0000000, 0x00000000cc200000, 0x00000000e0000000)
  object space 722944K, 57% used [0x00000000a0000000,0x00000000b984d948,0x00000000cc200000)
 Metaspace       used 78947K, capacity 83558K, committed 84352K, reserved 1122304K
  class space    used 10023K, capacity 10657K, committed 11136K, reserved 1048576K
}
Event: 1737.596 GC heap before
{Heap before GC invocations=173 (full 19):
 PSYoungGen      total 378368K, used 334955K [0x00000000e0000000, 0x0000000100000000, 0x0000000100000000)
  eden space 245248K, 100% used [0x00000000e0000000,0x00000000eef80000,0x00000000eef80000)
  from space 133120K, 67% used [0x00000000eef80000,0x00000000f471ae10,0x00000000f7180000)
  to   space 137728K, 0% used [0x00000000f7980000,0x00000000f7980000,0x0000000100000000)
 ParOldGen       total 722944K, used 418102K [0x00000000a0000000, 0x00000000cc200000, 0x00000000e0000000)
  object space 722944K, 57% used [0x00000000a0000000,0x00000000b984d948,0x00000000cc200000)
 Metaspace       used 78947K, capacity 83558K, committed 84352K, reserved 1122304K
  class space    used 10023K, capacity 10657K, committed 11136K, reserved 1048576K
Event: 1737.683 GC heap after
Heap after GC invocations=173 (full 19):
 PSYoungGen      total 335360K, used 137700K [0x00000000e0000000, 0x0000000100000000, 0x0000000100000000)
  eden space 197632K, 0% used [0x00000000e0000000,0x00000000e0000000,0x00000000ec100000)
  from space 137728K, 99% used [0x00000000f7980000,0x00000000ffff93a0,0x0000000100000000)
  to   space 163328K, 0% used [0x00000000ec100000,0x00000000ec100000,0x00000000f6080000)
 ParOldGen       total 722944K, used 430670K [0x00000000a0000000, 0x00000000cc200000, 0x00000000e0000000)
  object space 722944K, 59% used [0x00000000a0000000,0x00000000ba493a80,0x00000000cc200000)
 Metaspace       used 78947K, capacity 83558K, committed 84352K, reserved 1122304K
  class space    used 10023K, capacity 10657K, committed 11136K, reserved 1048576K
}

